生成启动时间为 2015/3/20 23:25:39。
     1>项目“E:\学习\大三下\高程\d6 hm2\d6 hm2\d6 hm2.vcxproj”在节点 2 上(build 个目标)。
     1>InitializeBuildStatus:
         正在创建“Debug\d6 hm2.unsuccessfulbuild”，因为已指定“AlwaysCreate”。
       ClCompile:
         D:\Program Files\VC\bin\CL.exe /c /ZI /nologo /W3 /WX- /Od /Oy- /D WIN32 /D _DEBUG /D _CONSOLE /D _UNICODE /D UNICODE /Gm /EHsc /RTC1 /MDd /GS /fp:precise /Zc:wchar_t /Zc:forScope /Fo"Debug\\" /Fd"Debug\vc100.pdb" /Gd /TP /analyze- /errorReport:prompt ..\..\d6_17.cpp
         d6_17.cpp
       ManifestResourceCompile:
         所有输出均为最新。
       Link:
         D:\Program Files\VC\bin\link.exe /ERRORREPORT:PROMPT /OUT:"E:\学习\大三下\高程\d6 hm2\Debug\d6 hm2.exe" /INCREMENTAL /NOLOGO kernel32.lib user32.lib gdi32.lib winspool.lib comdlg32.lib advapi32.lib shell32.lib ole32.lib oleaut32.lib uuid.lib odbc32.lib odbccp32.lib /MANIFEST /ManifestFile:"Debug\d6 hm2.exe.intermediate.manifest" /MANIFESTUAC:"level='asInvoker' uiAccess='false'" /DEBUG /PDB:"E:\学习\大三下\高程\d6 hm2\Debug\d6 hm2.pdb" /SUBSYSTEM:CONSOLE /TLBID:1 /DYNAMICBASE /NXCOMPAT /IMPLIB:"E:\学习\大三下\高程\d6 hm2\Debug\d6 hm2.lib" /MACHINE:X86 "Debug\d6 hm2.exe.embed.manifest.res"
         Debug\d6_17.obj
       Manifest:
         C:\Program Files\Microsoft SDKs\Windows\v7.0A\bin\mt.exe /nologo /verbose /out:"Debug\d6 hm2.exe.embed.manifest" /manifest "Debug\d6 hm2.exe.intermediate.manifest"
         所有输出均为最新。
       LinkEmbedManifest:
         所有输出均为最新。
         d6 hm2.vcxproj -> E:\学习\大三下\高程\d6 hm2\Debug\d6 hm2.exe
       FinalizeBuildStatus:
         正在删除文件“Debug\d6 hm2.unsuccessfulbuild”。
         正在对“Debug\d6 hm2.lastbuildstate”执行 Touch 任务。
     1>已完成生成项目“E:\学习\大三下\高程\d6 hm2\d6 hm2\d6 hm2.vcxproj”(build 个目标)的操作。

生成成功。

已用时间 00:00:04.14
