生成启动时间为 2015/3/23 20:26:31。
     1>项目“E:\学习\大三下\高程\programming_practice\string_delete_search_change\string_delete_search_change.vcxproj”在节点 2 上(build 个目标)。
     1>InitializeBuildStatus:
         正在创建“Debug\string_delete_search_change.unsuccessfulbuild”，因为已指定“AlwaysCreate”。
       ClCompile:
         D:\Program Files\VC\bin\CL.exe /c /ZI /nologo /W3 /WX- /Od /Oy- /D WIN32 /D _DEBUG /D _CONSOLE /D _UNICODE /D UNICODE /Gm /EHsc /RTC1 /MDd /GS /fp:precise /Zc:wchar_t /Zc:forScope /Fo"Debug\\" /Fd"Debug\vc100.pdb" /Gd /TP /analyze- /errorReport:prompt string_.cpp
         string_.cpp
     1>e:\学习\大三下\高程\programming_practice\string_delete_search_change\string_fuction.h(16): warning C4996: 'strcpy': This function or variable may be unsafe. Consider using strcpy_s instead. To disable deprecation, use _CRT_SECURE_NO_WARNINGS. See online help for details.
                 d:\program files\vc\include\string.h(105) : 参见“strcpy”的声明
     1>e:\学习\大三下\高程\programming_practice\string_delete_search_change\string_fuction.h(37): warning C4996: 'strcpy': This function or variable may be unsafe. Consider using strcpy_s instead. To disable deprecation, use _CRT_SECURE_NO_WARNINGS. See online help for details.
                 d:\program files\vc\include\string.h(105) : 参见“strcpy”的声明
     1>e:\学习\大三下\高程\programming_practice\string_delete_search_change\string_fuction.h(64): warning C4996: 'strcpy': This function or variable may be unsafe. Consider using strcpy_s instead. To disable deprecation, use _CRT_SECURE_NO_WARNINGS. See online help for details.
                 d:\program files\vc\include\string.h(105) : 参见“strcpy”的声明
     1>e:\学习\大三下\高程\programming_practice\string_delete_search_change\string_fuction.h(65): warning C4996: 'strcpy': This function or variable may be unsafe. Consider using strcpy_s instead. To disable deprecation, use _CRT_SECURE_NO_WARNINGS. See online help for details.
                 d:\program files\vc\include\string.h(105) : 参见“strcpy”的声明
     1>e:\学习\大三下\高程\programming_practice\string_delete_search_change\string_fuction.h(66): warning C4996: 'strcat': This function or variable may be unsafe. Consider using strcat_s instead. To disable deprecation, use _CRT_SECURE_NO_WARNINGS. See online help for details.
                 d:\program files\vc\include\string.h(110) : 参见“strcat”的声明
     1>e:\学习\大三下\高程\programming_practice\string_delete_search_change\string_fuction.h(77): warning C4996: 'strcpy': This function or variable may be unsafe. Consider using strcpy_s instead. To disable deprecation, use _CRT_SECURE_NO_WARNINGS. See online help for details.
                 d:\program files\vc\include\string.h(105) : 参见“strcpy”的声明
     1>e:\学习\大三下\高程\programming_practice\string_delete_search_change\string_fuction.h(79): warning C4996: 'strcpy': This function or variable may be unsafe. Consider using strcpy_s instead. To disable deprecation, use _CRT_SECURE_NO_WARNINGS. See online help for details.
                 d:\program files\vc\include\string.h(105) : 参见“strcpy”的声明
       ManifestResourceCompile:
         所有输出均为最新。
       Link:
         D:\Program Files\VC\bin\link.exe /ERRORREPORT:PROMPT /OUT:"E:\学习\大三下\高程\programming_practice\string_delete_search_change\Debug\string_delete_search_change.exe" /INCREMENTAL /NOLOGO kernel32.lib user32.lib gdi32.lib winspool.lib comdlg32.lib advapi32.lib shell32.lib ole32.lib oleaut32.lib uuid.lib odbc32.lib odbccp32.lib /MANIFEST /ManifestFile:"Debug\string_delete_search_change.exe.intermediate.manifest" /MANIFESTUAC:"level='asInvoker' uiAccess='false'" /DEBUG /PDB:"E:\学习\大三下\高程\programming_practice\string_delete_search_change\Debug\string_delete_search_change.pdb" /SUBSYSTEM:CONSOLE /TLBID:1 /DYNAMICBASE /NXCOMPAT /IMPLIB:"E:\学习\大三下\高程\programming_practice\string_delete_search_change\Debug\string_delete_search_change.lib" /MACHINE:X86 Debug\string_delete_search_change.exe.embed.manifest.res
         Debug\string_.obj
       Manifest:
         C:\Program Files\Microsoft SDKs\Windows\v7.0A\bin\mt.exe /nologo /verbose /out:"Debug\string_delete_search_change.exe.embed.manifest" /manifest Debug\string_delete_search_change.exe.intermediate.manifest
         所有输出均为最新。
       LinkEmbedManifest:
         所有输出均为最新。
         string_delete_search_change.vcxproj -> E:\学习\大三下\高程\programming_practice\string_delete_search_change\Debug\string_delete_search_change.exe
       FinalizeBuildStatus:
         正在删除文件“Debug\string_delete_search_change.unsuccessfulbuild”。
         正在对“Debug\string_delete_search_change.lastbuildstate”执行 Touch 任务。
     1>已完成生成项目“E:\学习\大三下\高程\programming_practice\string_delete_search_change\string_delete_search_change.vcxproj”(build 个目标)的操作。

生成成功。

已用时间 00:00:01.16
